<?xml version="1.0" encoding="UTF-8"?>
<!-- Generated by org.testng.reporters.JUnitReportReporter -->
<testsuite hostname="DESKTOP-915JV3T" failures="0" tests="3" name="TestNG_Practice.Ex3_EmailableReport" time="0.014" errors="0" timestamp="2022-08-27T23:14:06 IST" skipped="0">
  <testcase classname="TestNG_Practice.Ex3_EmailableReport" name="TC1" time="0.012"/>
  <system-out>
    <![CDATA[Running Tc1]]>
  </system-out>
  <testcase classname="TestNG_Practice.Ex3_EmailableReport" name="TC2" time="0.000"/>
  <system-out>
    <![CDATA[Running Tc2]]>
  </system-out>
  <testcase classname="TestNG_Practice.Ex3_EmailableReport" name="TC3" time="0.002"/>
  <system-out>
    <![CDATA[Running Tc3]]>
  </system-out>
</testsuite> <!-- TestNG_Practice.Ex3_EmailableReport -->
