<?xml version="1.0" encoding="UTF-8"?>
<!-- Generated by org.testng.reporters.JUnitReportReporter -->
<testsuite hostname="DESKTOP-915JV3T" failures="0" tests="8" name="TestNG.Ex4_Anotation" time="0.013" errors="0" timestamp="2022-08-23T18:29:02 IST" skipped="2">
  <testcase classname="TestNG.Ex4_Anotation" name="Tc3" time="0.001"/>
  <system-out>
    <![CDATA[Runing Tc3]]>
  </system-out>
  <testcase classname="TestNG.Ex4_Anotation" name="Tc3" time="0.002"/>
  <system-out>
    <![CDATA[Runing Tc3]]>
  </system-out>
  <testcase classname="TestNG.Ex4_Anotation" name="Tc3" time="0.002"/>
  <system-out>
    <![CDATA[Runing Tc3]]>
  </system-out>
  <testcase classname="TestNG.Ex4_Anotation" name="Tc3" time="0.001"/>
  <system-out>
    <![CDATA[Runing Tc3]]>
  </system-out>
  <testcase classname="TestNG.Ex4_Anotation" name="Tc3" time="0.005"/>
  <system-out>
    <![CDATA[Runing Tc3]]>
  </system-out>
  <testcase classname="TestNG.Ex4_Anotation" name="Tc2" time="0.002"/>
  <system-out>
    <![CDATA[Runing Tc2]]>
  </system-out>
  <testcase classname="TestNG.Ex4_Anotation" name="Tc1">
    <skipped/>
  </testcase> <!-- Tc1 -->
  <system-out/>
  <testcase classname="TestNG.Ex4_Anotation" name="Tc4">
    <skipped/>
  </testcase> <!-- Tc4 -->
  <system-out/>
</testsuite> <!-- TestNG.Ex4_Anotation -->
