<?xml version="1.0" encoding="UTF-8"?>
<!-- Generated by org.testng.reporters.JUnitReportReporter -->
<testsuite hostname="DESKTOP-915JV3T" failures="0" tests="3" name="TestNG.Ex4__Anotation_and_Keyword" time="0.012" errors="0" timestamp="2022-12-01T12:05:28 IST" skipped="0">
  <testcase classname="TestNG.Ex4__Anotation_and_Keyword" name="Tc3" time="0.003"/>
  <system-out>
    <![CDATA[Runing Tc3]]>
  </system-out>
  <testcase classname="TestNG.Ex4__Anotation_and_Keyword" name="Tc2" time="0.008"/>
  <system-out>
    <![CDATA[Runing Tc2]]>
  </system-out>
  <testcase classname="TestNG.Ex4__Anotation_and_Keyword" name="Tc1" time="0.001"/>
  <system-out>
    <![CDATA[Runing Tc1]]>
  </system-out>
</testsuite> <!-- TestNG.Ex4__Anotation_and_Keyword -->
