<?xml version="1.0" encoding="UTF-8"?>
<!-- Generated by org.testng.reporters.JUnitReportReporter -->
<testsuite hostname="DESKTOP-915JV3T" failures="0" tests="1" name="TestNG.MultiBrawser" time="6.643" errors="0" timestamp="2024-03-04T08:00:42 IST" skipped="0">
  <testcase classname="TestNG.MultiBrawser" name="Tc1" time="6.643"/>
  <system-out/>
</testsuite> <!-- TestNG.MultiBrawser -->
