<?xml version="1.0" encoding="UTF-8"?>
<!-- Generated by org.testng.reporters.JUnitReportReporter -->
<testsuite hostname="DESKTOP-915JV3T" failures="0" tests="4" name="TestNG.Ex3_EmailableReport" time="0.010" errors="0" timestamp="2022-10-13T22:24:27 IST" skipped="0">
  <testcase classname="TestNG.Ex3_EmailableReport" name="Tc1" time="0.007"/>
  <system-out>
    <![CDATA[running tc1]]>
  </system-out>
  <testcase classname="TestNG.Ex3_EmailableReport" name="Tc2" time="0.001"/>
  <system-out>
    <![CDATA[running tc2]]>
  </system-out>
  <testcase classname="TestNG.Ex3_EmailableReport" name="tc4" time="0.002"/>
  <system-out>
    <![CDATA[running tc4]]>
  </system-out>
  <testcase classname="TestNG.Ex3_EmailableReport" name="Tc3" time="0.000"/>
  <system-out>
    <![CDATA[running tc3]]>
  </system-out>
</testsuite> <!-- TestNG.Ex3_EmailableReport -->
