<?xml version="1.0" encoding="UTF-8"?>
<!-- Generated by org.testng.reporters.JUnitReportReporter -->
<testsuite hostname="DESKTOP-915JV3T" failures="0" tests="2" name="TestNG_Practice.Ex3_EmailableReport1" time="0.011" errors="0" timestamp="2022-08-27T23:27:34 IST" skipped="0">
  <testcase classname="TestNG_Practice.Ex3_EmailableReport1" name="TestCase1" time="0.010"/>
  <system-out>
    <![CDATA[Test1 Running]]>
  </system-out>
  <testcase classname="TestNG_Practice.Ex3_EmailableReport1" name="TestCase2" time="0.001"/>
  <system-out>
    <![CDATA[Test2 Running]]>
  </system-out>
</testsuite> <!-- TestNG_Practice.Ex3_EmailableReport1 -->
