<?xml version="1.0" encoding="UTF-8"?>
<!-- Generated by org.testng.reporters.JUnitReportReporter -->
<testsuite hostname="DESKTOP-915JV3T" failures="0" tests="2" name="TestNG.Ex8_sample_For_TestSuet" time="0.002" errors="0" timestamp="2022-08-24T00:44:34 IST" skipped="0">
  <testcase classname="TestNG.Ex8_sample_For_TestSuet" name="Tc5" time="0.001"/>
  <system-out>
    <![CDATA[Running tc5]]>
  </system-out>
  <testcase classname="TestNG.Ex8_sample_For_TestSuet" name="Tc6" time="0.001"/>
  <system-out>
    <![CDATA[Running tc6]]>
  </system-out>
</testsuite> <!-- TestNG.Ex8_sample_For_TestSuet -->
