<?xml version="1.0" encoding="UTF-8"?>
<!-- Generated by org.testng.reporters.JUnitReportReporter -->
<testsuite hostname="DESKTOP-915JV3T" failures="0" tests="1" name="POM_DDF_TestNG_BaseClass_UtilityClass_Practice.KiteTestClass" time="5.247" errors="0" timestamp="2022-09-04T18:03:40 IST" skipped="0">
  <testcase classname="POM_DDF_TestNG_BaseClass_UtilityClass_Practice.KiteTestClass" name="TC" time="5.247"/>
  <system-out/>
</testsuite> <!-- POM_DDF_TestNG_BaseClass_UtilityClass_Practice.KiteTestClass -->
