<?xml version="1.0" encoding="UTF-8"?>
<!-- Generated by org.testng.reporters.JUnitReportReporter -->
<testsuite hostname="DESKTOP-915JV3T" failures="0" tests="4" name="TestNG.Ex4_EmailableReport" time="0.017" errors="0" timestamp="2022-10-13T22:28:04 IST" skipped="0">
  <testcase classname="TestNG.Ex4_EmailableReport" name="Tc1" time="0.011"/>
  <system-out>
    <![CDATA[Runing Tc1]]>
  </system-out>
  <testcase classname="TestNG.Ex4_EmailableReport" name="Tc2" time="0.003"/>
  <system-out>
    <![CDATA[Runing Tc2]]>
  </system-out>
  <testcase classname="TestNG.Ex4_EmailableReport" name="Tc4" time="0.002"/>
  <system-out>
    <![CDATA[Runing Tc3]]>
  </system-out>
  <testcase classname="TestNG.Ex4_EmailableReport" name="Tc3" time="0.001"/>
  <system-out>
    <![CDATA[Runing Tc3]]>
  </system-out>
</testsuite> <!-- TestNG.Ex4_EmailableReport -->
