<?xml version="1.0" encoding="UTF-8"?>
<!-- Generated by org.testng.reporters.JUnitReportReporter -->
<testsuite hostname="DESKTOP-915JV3T" failures="0" tests="1" name="POM_DDF_TestNG.KiteLoginTest_TestNg" time="1.450" errors="0" timestamp="2022-09-04T17:39:32 IST" skipped="0">
  <testcase classname="POM_DDF_TestNG.KiteLoginTest_TestNg" name="TC" time="1.450"/>
  <system-out/>
</testsuite> <!-- POM_DDF_TestNG.KiteLoginTest_TestNg -->
