<?xml version="1.0" encoding="UTF-8"?>
<!-- Generated by org.testng.reporters.JUnitReportReporter -->
<testsuite hostname="DESKTOP-915JV3T" failures="0" tests="1" name="TestNG.Ex_10_SoftAssert" time="0.011" errors="0" timestamp="2022-08-26T00:33:55 IST" skipped="0">
  <testcase classname="TestNG.Ex_10_SoftAssert" name="Tc1" time="0.011"/>
  <system-out/>
</testsuite> <!-- TestNG.Ex_10_SoftAssert -->
