<?xml version="1.0" encoding="UTF-8"?>
<!-- Generated by org.testng.reporters.JUnitReportReporter -->
<testsuite hostname="DESKTOP-915JV3T" failures="0" tests="2" name="TestNG.Ex11_Disable1_TC_for_exclude" time="0.003" errors="0" timestamp="2024-03-03T16:12:35 IST" skipped="0">
  <testcase classname="TestNG.Ex11_Disable1_TC_for_exclude" name="Tc3" time="0.002"/>
  <system-out>
    <![CDATA[Tc3 running]]>
  </system-out>
  <testcase classname="TestNG.Ex11_Disable1_TC_for_exclude" name="Tc1" time="0.001"/>
  <system-out>
    <![CDATA[Tc1 running]]>
  </system-out>
</testsuite> <!-- TestNG.Ex11_Disable1_TC_for_exclude -->
