<?xml version="1.0" encoding="UTF-8"?>
<!-- Generated by org.testng.reporters.JUnitReportReporter -->
<testsuite hostname="DESKTOP-915JV3T" failures="0" tests="2" name="TestNG.Ex6_sample1_ForTestSuet" time="0.010" errors="0" timestamp="2022-08-24T00:44:34 IST" skipped="0">
  <testcase classname="TestNG.Ex6_sample1_ForTestSuet" name="Tc1" time="0.010"/>
  <system-out>
    <![CDATA[runing tc1]]>
  </system-out>
  <testcase classname="TestNG.Ex6_sample1_ForTestSuet" name="Tc2" time="0.000"/>
  <system-out>
    <![CDATA[running tc2]]>
  </system-out>
</testsuite> <!-- TestNG.Ex6_sample1_ForTestSuet -->
