<?xml version="1.0" encoding="UTF-8"?>
<!-- Generated by org.testng.reporters.JUnitReportReporter -->
<testsuite hostname="DESKTOP-915JV3T" failures="0" tests="1" name="TestNG.Ex12FailedTC" time="0.013" errors="0" timestamp="2024-03-03T15:11:05 IST" skipped="0">
  <testcase classname="TestNG.Ex12FailedTC" name="Tc3" time="0.013"/>
  <system-out>
    <![CDATA[Tc3 running]]>
  </system-out>
</testsuite> <!-- TestNG.Ex12FailedTC -->
