<?xml version="1.0" encoding="UTF-8"?>
<!-- Generated by org.testng.reporters.JUnitReportReporter -->
<testsuite hostname="DESKTOP-915JV3T" failures="0" tests="2" name="TestNG_Practice.Ex3_EmailableReport2" time="0.014" errors="0" timestamp="2022-08-29T07:20:12 IST" skipped="0">
  <testcase classname="TestNG_Practice.Ex3_EmailableReport2" name="Tc1" time="0.013"/>
  <system-out>
    <![CDATA[Hello]]>
  </system-out>
  <testcase classname="TestNG_Practice.Ex3_EmailableReport2" name="Tc2" time="0.001"/>
  <system-out>
    <![CDATA[Hi]]>
  </system-out>
</testsuite> <!-- TestNG_Practice.Ex3_EmailableReport2 -->
