<?xml version="1.0" encoding="UTF-8"?>
<!-- Generated by org.testng.reporters.JUnitReportReporter -->
<testsuite hostname="DESKTOP-915JV3T" failures="0" tests="1" name="TestNG.Ex11_Disable1_TC_for_include" time="0.000" errors="0" timestamp="2022-08-26T22:24:39 IST" skipped="0">
  <testcase classname="TestNG.Ex11_Disable1_TC_for_include" name="Tc6" time="0.000"/>
  <system-out>
    <![CDATA[TC6 running]]>
  </system-out>
</testsuite> <!-- TestNG.Ex11_Disable1_TC_for_include -->
