<?xml version="1.0" encoding="UTF-8"?>
<!-- Generated by org.testng.reporters.JUnitReportReporter -->
<testsuite hostname="DESKTOP-915JV3T" failures="0" tests="3" name="TestNG.Ex4__Anotation" time="0.011" errors="0" timestamp="2022-08-23T18:28:18 IST" skipped="0">
  <testcase classname="TestNG.Ex4__Anotation" name="Tc2" time="0.007"/>
  <system-out>
    <![CDATA[Runing Tc2]]>
  </system-out>
  <testcase classname="TestNG.Ex4__Anotation" name="Tc3" time="0.003"/>
  <system-out>
    <![CDATA[Runing Tc3]]>
  </system-out>
  <testcase classname="TestNG.Ex4__Anotation" name="Tc1" time="0.001"/>
  <system-out>
    <![CDATA[Runing Tc1]]>
  </system-out>
</testsuite> <!-- TestNG.Ex4__Anotation -->
