<?xml version="1.0" encoding="UTF-8"?>
<!-- Generated by org.testng.reporters.JUnitReportReporter -->
<testsuite hostname="DESKTOP-915JV3T" failures="0" tests="1" name="TestNG.Ex2_TestNG_TestClass" time="5.042" errors="0" timestamp="2022-08-20T19:54:47 IST" skipped="0">
  <testcase classname="TestNG.Ex2_TestNG_TestClass" name="m1" time="5.042"/>
  <system-out/>
</testsuite> <!-- TestNG.Ex2_TestNG_TestClass -->
