<?xml version="1.0" encoding="UTF-8"?>
<!-- Generated by org.testng.reporters.JUnitReportReporter -->
<testsuite hostname="DESKTOP-915JV3T" failures="0" tests="2" name="TestNG.Ex13grouping" time="0.002" errors="0" timestamp="2022-08-29T23:22:42 IST" skipped="0">
  <testcase classname="TestNG.Ex13grouping" name="tc1" time="0.001"/>
  <system-out/>
  <testcase classname="TestNG.Ex13grouping" name="tc3" time="0.001"/>
  <system-out/>
</testsuite> <!-- TestNG.Ex13grouping -->
