<?xml version="1.0" encoding="UTF-8"?>
<!-- Generated by org.testng.reporters.JUnitReportReporter -->
<testsuite hostname="DESKTOP-915JV3T" failures="0" tests="1" name="POM_DDF_TestNG_BaseClass_UtilityClass_PropertiesFile_CaptureScreenShoteOfFailedTestCases_Practice2.KiteLoginTest" time="1.798" errors="0" timestamp="2022-09-05T20:32:01 IST" skipped="0">
  <testcase classname="POM_DDF_TestNG_BaseClass_UtilityClass_PropertiesFile_CaptureScreenShoteOfFailedTestCases_Practice2.KiteLoginTest" name="TC2" time="1.798"/>
  <system-out/>
</testsuite> <!-- POM_DDF_TestNG_BaseClass_UtilityClass_PropertiesFile_CaptureScreenShoteOfFailedTestCases_Practice2.KiteLoginTest -->
