<?xml version="1.0" encoding="UTF-8"?>
<!-- Generated by org.testng.reporters.JUnitReportReporter -->
<testsuite hostname="DESKTOP-915JV3T" failures="0" tests="3" name="TestNG_Practice.Ex5_Sample1_For_TestSuit" time="0.114" errors="0" timestamp="2022-10-13T22:21:59 IST" skipped="0">
  <testcase classname="TestNG_Practice.Ex5_Sample1_For_TestSuit" name="Tc3" time="0.001"/>
  <system-out>
    <![CDATA[Good Morning]]>
  </system-out>
  <testcase classname="TestNG_Practice.Ex5_Sample1_For_TestSuit" name="Tc1" time="0.111"/>
  <system-out>
    <![CDATA[Hello]]>
  </system-out>
  <testcase classname="TestNG_Practice.Ex5_Sample1_For_TestSuit" name="Tc2" time="0.002"/>
  <system-out>
    <![CDATA[Hi]]>
  </system-out>
</testsuite> <!-- TestNG_Practice.Ex5_Sample1_For_TestSuit -->
