<?xml version="1.0" encoding="UTF-8"?>
<!-- Generated by org.testng.reporters.JUnitReportReporter -->
<testsuite hostname="DESKTOP-915JV3T" failures="0" tests="6" name="TestNG_Practice.Ex4_Anotation" time="0.041" errors="0" timestamp="2023-09-20T20:50:21 IST" skipped="0">
  <testcase classname="TestNG_Practice.Ex4_Anotation" name="Tc4" time="0.026"/>
  <system-out>
    <![CDATA[Good Afternoon]]>
  </system-out>
  <testcase classname="TestNG_Practice.Ex4_Anotation" name="Tc1" time="0.005"/>
  <system-out>
    <![CDATA[Hi]]>
  </system-out>
  <testcase classname="TestNG_Practice.Ex4_Anotation" name="Tc2" time="0.002"/>
  <system-out>
    <![CDATA[Heloo]]>
  </system-out>
  <testcase classname="TestNG_Practice.Ex4_Anotation" name="Tc3" time="0.003"/>
  <system-out>
    <![CDATA[Gm]]>
  </system-out>
  <testcase classname="TestNG_Practice.Ex4_Anotation" name="Tc3" time="0.003"/>
  <system-out>
    <![CDATA[Gm]]>
  </system-out>
  <testcase classname="TestNG_Practice.Ex4_Anotation" name="Tc3" time="0.002"/>
  <system-out>
    <![CDATA[Gm]]>
  </system-out>
</testsuite> <!-- TestNG_Practice.Ex4_Anotation -->
