<?xml version="1.0" encoding="UTF-8"?>
<!-- Generated by org.testng.reporters.JUnitReportReporter -->
<testsuite hostname="DESKTOP-915JV3T" failures="0" tests="3" name="TestNG.Ex15_Parallel_Execution2" time="6.581" errors="0" timestamp="2024-03-03T16:14:10 IST" skipped="0">
  <testcase classname="TestNG.Ex15_Parallel_Execution2" name="TC5" time="0.001"/>
  <system-out/>
  <testcase classname="TestNG.Ex15_Parallel_Execution2" name="TC4" time="6.578"/>
  <system-out/>
  <testcase classname="TestNG.Ex15_Parallel_Execution2" name="TC6" time="0.002"/>
  <system-out/>
</testsuite> <!-- TestNG.Ex15_Parallel_Execution2 -->
