<?xml version="1.0" encoding="UTF-8"?>
<!-- Generated by org.testng.reporters.JUnitReportReporter -->
<testsuite hostname="DESKTOP-915JV3T" failures="0" tests="1" name="TestNG_Practice.Ex6_AssertClass" time="0.010" errors="0" timestamp="2022-08-29T18:40:21 IST" skipped="0">
  <testcase classname="TestNG_Practice.Ex6_AssertClass" name="Tc1" time="0.010"/>
  <system-out/>
</testsuite> <!-- TestNG_Practice.Ex6_AssertClass -->
