<?xml version="1.0" encoding="UTF-8"?>
<!-- Generated by org.testng.reporters.JUnitReportReporter -->
<testsuite hostname="DESKTOP-915JV3T" failures="0" tests="1" name="POM_DDF_TestNG_BaseClass_UtilityClass_PropertiesFile_CaptureScreenShoteOfFailedTestCases.KiteLoginTest" time="1.260" errors="0" timestamp="2022-09-01T22:47:53 IST" skipped="0">
  <testcase classname="POM_DDF_TestNG_BaseClass_UtilityClass_PropertiesFile_CaptureScreenShoteOfFailedTestCases.KiteLoginTest" name="TC" time="1.260"/>
  <system-out/>
</testsuite> <!-- POM_DDF_TestNG_BaseClass_UtilityClass_PropertiesFile_CaptureScreenShoteOfFailedTestCases.KiteLoginTest -->
