<?xml version="1.0" encoding="UTF-8"?>
<!-- Generated by org.testng.reporters.JUnitReportReporter -->
<testsuite hostname="DESKTOP-915JV3T" failures="0" tests="2" name="TestNG.Ex11_Disable_TC_for_exclude" time="0.012" errors="0" timestamp="2024-03-03T16:12:35 IST" skipped="0">
  <testcase classname="TestNG.Ex11_Disable_TC_for_exclude" name="Tc9" time="0.001"/>
  <system-out>
    <![CDATA[Tc9 running]]>
  </system-out>
  <testcase classname="TestNG.Ex11_Disable_TC_for_exclude" name="Tc8" time="0.011"/>
  <system-out>
    <![CDATA[Tc8 running]]>
  </system-out>
</testsuite> <!-- TestNG.Ex11_Disable_TC_for_exclude -->
